<?xml version="1.0" encoding="UTF-8"?>
<testng-results ignored="0" total="3" passed="3" failed="0" skipped="0">
  <reporter-output>
  </reporter-output>
  <suite started-at="2023-03-28T09:37:40 IST" name="Default suite" finished-at="2023-03-28T09:38:01 IST" duration-ms="21203">
    <groups>
      <group name="cucumber">
        <method signature="AbstractTestNGCucumberTests.runScenario(io.cucumber.testng.PickleWrapper,io.cucumber.testng.FeatureWrapper)[pri:0, instance:com.runner.TestNgRunner@17f7cd29]" name="runScenario" class="io.cucumber.testng.AbstractTestNGCucumberTests"/>
      </group> <!-- cucumber -->
    </groups>
    <test started-at="2023-03-28T09:37:40 IST" name="Default test" finished-at="2023-03-28T09:38:01 IST" duration-ms="21203">
      <class name="com.runner.TestNgRunner">
        <test-method is-config="true" signature="setUpClass(org.testng.ITestContext)[pri:0, instance:com.runner.TestNgRunner@17f7cd29]" started-at="2023-03-28T09:37:40 IST" name="setUpClass" finished-at="2023-03-28T09:37:41 IST" duration-ms="531" status="PASS">
          <params>
            <param index="0">
              <value>
                <![CDATA[org.testng.TestRunner@15c6027d]]>
              </value>
            </param>
          </params>
          <reporter-output>
          </reporter-output>
        </test-method> <!-- setUpClass -->
        <test-method is-config="true" signature="setUp()[pri:0, instance:com.runner.TestNgRunner@17f7cd29]" started-at="2023-03-28T09:37:41 IST" name="setUp" finished-at="2023-03-28T09:37:48 IST" duration-ms="7021" status="PASS">
          <reporter-output>
          </reporter-output>
        </test-method> <!-- setUp -->
        <test-method signature="runScenario(io.cucumber.testng.PickleWrapper,io.cucumber.testng.FeatureWrapper)[pri:0, instance:com.runner.TestNgRunner@17f7cd29]" started-at="2023-03-28T09:37:48 IST" name="runScenario" description="Runs Cucumber Scenarios" data-provider="scenarios" finished-at="2023-03-28T09:37:54 IST" duration-ms="6650" status="PASS">
          <params>
            <param index="0">
              <value>
                <![CDATA["User Select Vegetables"]]>
              </value>
            </param>
            <param index="1">
              <value>
                <![CDATA["GreenKart buying some items"]]>
              </value>
            </param>
          </params>
          <reporter-output>
          </reporter-output>
        </test-method> <!-- runScenario -->
        <test-method signature="runScenario(io.cucumber.testng.PickleWrapper,io.cucumber.testng.FeatureWrapper)[pri:0, instance:com.runner.TestNgRunner@17f7cd29]" started-at="2023-03-28T09:37:54 IST" name="runScenario" description="Runs Cucumber Scenarios" data-provider="scenarios" finished-at="2023-03-28T09:38:01 IST" duration-ms="6241" status="PASS">
          <params>
            <param index="0">
              <value>
                <![CDATA["User Place order"]]>
              </value>
            </param>
            <param index="1">
              <value>
                <![CDATA["GreenKart buying some items"]]>
              </value>
            </param>
          </params>
          <reporter-output>
          </reporter-output>
        </test-method> <!-- runScenario -->
        <test-method signature="runScenario(io.cucumber.testng.PickleWrapper,io.cucumber.testng.FeatureWrapper)[pri:0, instance:com.runner.TestNgRunner@17f7cd29]" started-at="2023-03-28T09:38:01 IST" name="runScenario" description="Runs Cucumber Scenarios" data-provider="scenarios" finished-at="2023-03-28T09:38:01 IST" duration-ms="566" status="PASS">
          <params>
            <param index="0">
              <value>
                <![CDATA["User Confirm the Order"]]>
              </value>
            </param>
            <param index="1">
              <value>
                <![CDATA["GreenKart buying some items"]]>
              </value>
            </param>
          </params>
          <reporter-output>
          </reporter-output>
        </test-method> <!-- runScenario -->
        <test-method is-config="true" signature="tearDownClass()[pri:0, instance:com.runner.TestNgRunner@17f7cd29]" started-at="2023-03-28T09:38:01 IST" name="tearDownClass" finished-at="2023-03-28T09:38:01 IST" duration-ms="83" status="PASS">
          <reporter-output>
          </reporter-output>
        </test-method> <!-- tearDownClass -->
      </class> <!-- com.runner.TestNgRunner -->
    </test> <!-- Default test -->
  </suite> <!-- Default suite -->
</testng-results>
